[2024-09-13 01:31:07] local.ERROR: SQLSTATE[HY000] [1045] Access denied for user 'u158638493_clean_ays2'@'localhost' (using password: YES) (SQL: select * from information_schema.tables where table_schema = u158638493_clean_ays2 and table_name = settings and table_type = 'BASE TABLE') {"exception":"[object] (Illuminate\\Database\\QueryException(code: 1045): SQLSTATE[HY000] [1045] Access denied for user 'u158638493_clean_ays2'@'localhost' (using password: YES) (SQL: select * from information_schema.tables where table_schema = u158638493_clean_ays2 and table_name = settings and table_type = 'BASE TABLE') at C:\\xampp\\htdocs\\appyourserbisyoph\\vendor\\laravel\\framework\\src\\Illuminate\\Database\\Connection.php:712)
[stacktrace]
#0 C:\\xampp\\htdocs\\appyourserbisyoph\\vendor\\laravel\\framework\\src\\Illuminate\\Database\\Connection.php(672): Illuminate\\Database\\Connection->runQueryCallback('select * from i...', Array, Object(Closure))
#1 C:\\xampp\\htdocs\\appyourserbisyoph\\vendor\\laravel\\framework\\src\\Illuminate\\Database\\Connection.php(376): Illuminate\\Database\\Connection->run('select * from i...', Array, Object(Closure))
#2 C:\\xampp\\htdocs\\appyourserbisyoph\\vendor\\laravel\\framework\\src\\Illuminate\\Database\\Schema\\MySqlBuilder.php(44): Illuminate\\Database\\Connection->select('select * from i...', Array)
#3 C:\\xampp\\htdocs\\appyourserbisyoph\\vendor\\laravel\\framework\\src\\Illuminate\\Support\\Facades\\Facade.php(261): Illuminate\\Database\\Schema\\MySqlBuilder->hasTable('settings')
#4 C:\\xampp\\htdocs\\appyourserbisyoph\\app\\Providers\\TranslationServiceProvider.php(22): Illuminate\\Support\\Facades\\Facade::__callStatic('hasTable', Array)
#5 C:\\xampp\\htdocs\\appyourserbisyoph\\vendor\\laravel\\framework\\src\\Illuminate\\Cache\\Repository.php(426): App\\Providers\\TranslationServiceProvider->App\\Providers\\{closure}()
#6 C:\\xampp\\htdocs\\appyourserbisyoph\\vendor\\laravel\\framework\\src\\Illuminate\\Cache\\CacheManager.php(418): Illuminate\\Cache\\Repository->rememberForever('translations', Object(Closure))
#7 C:\\xampp\\htdocs\\appyourserbisyoph\\vendor\\laravel\\framework\\src\\Illuminate\\Support\\Facades\\Facade.php(261): Illuminate\\Cache\\CacheManager->__call('rememberForever', Array)
#8 C:\\xampp\\htdocs\\appyourserbisyoph\\app\\Providers\\TranslationServiceProvider.php(38): Illuminate\\Support\\Facades\\Facade::__callStatic('rememberForever', Array)
#9 C:\\xampp\\htdocs\\appyourserbisyoph\\vendor\\laravel\\framework\\src\\Illuminate\\Container\\BoundMethod.php(36): App\\Providers\\TranslationServiceProvider->boot()
#10 C:\\xampp\\htdocs\\appyourserbisyoph\\vendor\\laravel\\framework\\src\\Illuminate\\Container\\Util.php(40): Illuminate\\Container\\BoundMethod::Illuminate\\Container\\{closure}()
#11 C:\\xampp\\htdocs\\appyourserbisyoph\\vendor\\laravel\\framework\\src\\Illuminate\\Container\\BoundMethod.php(93): Illuminate\\Container\\Util::unwrapIfClosure(Object(Closure))
#12 C:\\xampp\\htdocs\\appyourserbisyoph\\vendor\\laravel\\framework\\src\\Illuminate\\Container\\BoundMethod.php(37): Illuminate\\Container\\BoundMethod::callBoundMethod(Object(Illuminate\\Foundation\\Application), Array, Object(Closure))
#13 C:\\xampp\\htdocs\\appyourserbisyoph\\vendor\\laravel\\framework\\src\\Illuminate\\Container\\Container.php(653): Illuminate\\Container\\BoundMethod::call(Object(Illuminate\\Foundation\\Application), Array, Array, NULL)
#14 C:\\xampp\\htdocs\\appyourserbisyoph\\vendor\\laravel\\framework\\src\\Illuminate\\Foundation\\Application.php(924): Illuminate\\Container\\Container->call(Array)
#15 C:\\xampp\\htdocs\\appyourserbisyoph\\vendor\\laravel\\framework\\src\\Illuminate\\Foundation\\Application.php(905): Illuminate\\Foundation\\Application->bootProvider(Object(App\\Providers\\TranslationServiceProvider))
#16 [internal function]: Illuminate\\Foundation\\Application->Illuminate\\Foundation\\{closure}(Object(App\\Providers\\TranslationServiceProvider), 43)
#17 C:\\xampp\\htdocs\\appyourserbisyoph\\vendor\\laravel\\framework\\src\\Illuminate\\Foundation\\Application.php(906): array_walk(Array, Object(Closure))
#18 C:\\xampp\\htdocs\\appyourserbisyoph\\vendor\\laravel\\framework\\src\\Illuminate\\Foundation\\Bootstrap\\BootProviders.php(17): Illuminate\\Foundation\\Application->boot()
#19 C:\\xampp\\htdocs\\appyourserbisyoph\\vendor\\laravel\\framework\\src\\Illuminate\\Foundation\\Application.php(237): Illuminate\\Foundation\\Bootstrap\\BootProviders->bootstrap(Object(Illuminate\\Foundation\\Application))
#20 C:\\xampp\\htdocs\\appyourserbisyoph\\vendor\\laravel\\framework\\src\\Illuminate\\Foundation\\Console\\Kernel.php(310): Illuminate\\Foundation\\Application->bootstrapWith(Array)
#21 C:\\xampp\\htdocs\\appyourserbisyoph\\vendor\\laravel\\framework\\src\\Illuminate\\Foundation\\Console\\Kernel.php(127): Illuminate\\Foundation\\Console\\Kernel->bootstrap()
#22 C:\\xampp\\htdocs\\appyourserbisyoph\\artisan(37): Illuminate\\Foundation\\Console\\Kernel->handle(Object(Symfony\\Component\\Console\\Input\\ArgvInput), Object(Symfony\\Component\\Console\\Output\\ConsoleOutput))
#23 {main}

[previous exception] [object] (PDOException(code: 1045): SQLSTATE[HY000] [1045] Access denied for user 'u158638493_clean_ays2'@'localhost' (using password: YES) at C:\\xampp\\htdocs\\appyourserbisyoph\\vendor\\laravel\\framework\\src\\Illuminate\\Database\\Connectors\\Connector.php:70)
[stacktrace]
#0 C:\\xampp\\htdocs\\appyourserbisyoph\\vendor\\laravel\\framework\\src\\Illuminate\\Database\\Connectors\\Connector.php(70): PDO->__construct('mysql:host=127....', 'u158638493_clea...', 'hqY*pC1p;', Array)
#1 C:\\xampp\\htdocs\\appyourserbisyoph\\vendor\\laravel\\framework\\src\\Illuminate\\Database\\Connectors\\Connector.php(46): Illuminate\\Database\\Connectors\\Connector->createPdoConnection('mysql:host=127....', 'u158638493_clea...', 'hqY*pC1p;', Array)
#2 C:\\xampp\\htdocs\\appyourserbisyoph\\vendor\\laravel\\framework\\src\\Illuminate\\Database\\Connectors\\MySqlConnector.php(24): Illuminate\\Database\\Connectors\\Connector->createConnection('mysql:host=127....', Array, Array)
#3 C:\\xampp\\htdocs\\appyourserbisyoph\\vendor\\laravel\\framework\\src\\Illuminate\\Database\\Connectors\\ConnectionFactory.php(184): Illuminate\\Database\\Connectors\\MySqlConnector->connect(Array)
#4 [internal function]: Illuminate\\Database\\Connectors\\ConnectionFactory->Illuminate\\Database\\Connectors\\{closure}()
#5 C:\\xampp\\htdocs\\appyourserbisyoph\\vendor\\laravel\\framework\\src\\Illuminate\\Database\\Connection.php(1064): call_user_func(Object(Closure))
#6 C:\\xampp\\htdocs\\appyourserbisyoph\\vendor\\laravel\\framework\\src\\Illuminate\\Database\\Connection.php(1100): Illuminate\\Database\\Connection->getPdo()
#7 C:\\xampp\\htdocs\\appyourserbisyoph\\vendor\\laravel\\framework\\src\\Illuminate\\Database\\Connection.php(442): Illuminate\\Database\\Connection->getReadPdo()
#8 C:\\xampp\\htdocs\\appyourserbisyoph\\vendor\\laravel\\framework\\src\\Illuminate\\Database\\Connection.php(368): Illuminate\\Database\\Connection->getPdoForSelect(true)
#9 C:\\xampp\\htdocs\\appyourserbisyoph\\vendor\\laravel\\framework\\src\\Illuminate\\Database\\Connection.php(705): Illuminate\\Database\\Connection->Illuminate\\Database\\{closure}('select * from i...', Array)
#10 C:\\xampp\\htdocs\\appyourserbisyoph\\vendor\\laravel\\framework\\src\\Illuminate\\Database\\Connection.php(672): Illuminate\\Database\\Connection->runQueryCallback('select * from i...', Array, Object(Closure))
#11 C:\\xampp\\htdocs\\appyourserbisyoph\\vendor\\laravel\\framework\\src\\Illuminate\\Database\\Connection.php(376): Illuminate\\Database\\Connection->run('select * from i...', Array, Object(Closure))
#12 C:\\xampp\\htdocs\\appyourserbisyoph\\vendor\\laravel\\framework\\src\\Illuminate\\Database\\Schema\\MySqlBuilder.php(44): Illuminate\\Database\\Connection->select('select * from i...', Array)
#13 C:\\xampp\\htdocs\\appyourserbisyoph\\vendor\\laravel\\framework\\src\\Illuminate\\Support\\Facades\\Facade.php(261): Illuminate\\Database\\Schema\\MySqlBuilder->hasTable('settings')
#14 C:\\xampp\\htdocs\\appyourserbisyoph\\app\\Providers\\TranslationServiceProvider.php(22): Illuminate\\Support\\Facades\\Facade::__callStatic('hasTable', Array)
#15 C:\\xampp\\htdocs\\appyourserbisyoph\\vendor\\laravel\\framework\\src\\Illuminate\\Cache\\Repository.php(426): App\\Providers\\TranslationServiceProvider->App\\Providers\\{closure}()
#16 C:\\xampp\\htdocs\\appyourserbisyoph\\vendor\\laravel\\framework\\src\\Illuminate\\Cache\\CacheManager.php(418): Illuminate\\Cache\\Repository->rememberForever('translations', Object(Closure))
#17 C:\\xampp\\htdocs\\appyourserbisyoph\\vendor\\laravel\\framework\\src\\Illuminate\\Support\\Facades\\Facade.php(261): Illuminate\\Cache\\CacheManager->__call('rememberForever', Array)
#18 C:\\xampp\\htdocs\\appyourserbisyoph\\app\\Providers\\TranslationServiceProvider.php(38): Illuminate\\Support\\Facades\\Facade::__callStatic('rememberForever', Array)
#19 C:\\xampp\\htdocs\\appyourserbisyoph\\vendor\\laravel\\framework\\src\\Illuminate\\Container\\BoundMethod.php(36): App\\Providers\\TranslationServiceProvider->boot()
#20 C:\\xampp\\htdocs\\appyourserbisyoph\\vendor\\laravel\\framework\\src\\Illuminate\\Container\\Util.php(40): Illuminate\\Container\\BoundMethod::Illuminate\\Container\\{closure}()
#21 C:\\xampp\\htdocs\\appyourserbisyoph\\vendor\\laravel\\framework\\src\\Illuminate\\Container\\BoundMethod.php(93): Illuminate\\Container\\Util::unwrapIfClosure(Object(Closure))
#22 C:\\xampp\\htdocs\\appyourserbisyoph\\vendor\\laravel\\framework\\src\\Illuminate\\Container\\BoundMethod.php(37): Illuminate\\Container\\BoundMethod::callBoundMethod(Object(Illuminate\\Foundation\\Application), Array, Object(Closure))
#23 C:\\xampp\\htdocs\\appyourserbisyoph\\vendor\\laravel\\framework\\src\\Illuminate\\Container\\Container.php(653): Illuminate\\Container\\BoundMethod::call(Object(Illuminate\\Foundation\\Application), Array, Array, NULL)
#24 C:\\xampp\\htdocs\\appyourserbisyoph\\vendor\\laravel\\framework\\src\\Illuminate\\Foundation\\Application.php(924): Illuminate\\Container\\Container->call(Array)
#25 C:\\xampp\\htdocs\\appyourserbisyoph\\vendor\\laravel\\framework\\src\\Illuminate\\Foundation\\Application.php(905): Illuminate\\Foundation\\Application->bootProvider(Object(App\\Providers\\TranslationServiceProvider))
#26 [internal function]: Illuminate\\Foundation\\Application->Illuminate\\Foundation\\{closure}(Object(App\\Providers\\TranslationServiceProvider), 43)
#27 C:\\xampp\\htdocs\\appyourserbisyoph\\vendor\\laravel\\framework\\src\\Illuminate\\Foundation\\Application.php(906): array_walk(Array, Object(Closure))
#28 C:\\xampp\\htdocs\\appyourserbisyoph\\vendor\\laravel\\framework\\src\\Illuminate\\Foundation\\Bootstrap\\BootProviders.php(17): Illuminate\\Foundation\\Application->boot()
#29 C:\\xampp\\htdocs\\appyourserbisyoph\\vendor\\laravel\\framework\\src\\Illuminate\\Foundation\\Application.php(237): Illuminate\\Foundation\\Bootstrap\\BootProviders->bootstrap(Object(Illuminate\\Foundation\\Application))
#30 C:\\xampp\\htdocs\\appyourserbisyoph\\vendor\\laravel\\framework\\src\\Illuminate\\Foundation\\Console\\Kernel.php(310): Illuminate\\Foundation\\Application->bootstrapWith(Array)
#31 C:\\xampp\\htdocs\\appyourserbisyoph\\vendor\\laravel\\framework\\src\\Illuminate\\Foundation\\Console\\Kernel.php(127): Illuminate\\Foundation\\Console\\Kernel->bootstrap()
#32 C:\\xampp\\htdocs\\appyourserbisyoph\\artisan(37): Illuminate\\Foundation\\Console\\Kernel->handle(Object(Symfony\\Component\\Console\\Input\\ArgvInput), Object(Symfony\\Component\\Console\\Output\\ConsoleOutput))
#33 {main}
"} 
